#-----------------------------------------------------------
# Vivado v2018.2 (64-bit)
# SW Build 2258646 on Thu Jun 14 20:03:12 MDT 2018
# IP Build 2256618 on Thu Jun 14 22:10:49 MDT 2018
# Start of session at: Mon Apr 12 20:28:55 2021
# Process ID: 8692
# Current directory: G:/Vivado_project/project_1
# Command line: vivado.exe -gui_launcher_event rodinguilauncherevent3636 G:\Vivado_project\project_1\project_1.xpr
# Log file: G:/Vivado_project/project_1/vivado.log
# Journal file: G:/Vivado_project/project_1\vivado.jou
#-----------------------------------------------------------
start_gui
open_project G:/Vivado_project/project_1/project_1.xpr
Scanning sources...
Finished scanning sources
INFO: [IP_Flow 19-234] Refreshing IP repositories
INFO: [IP_Flow 19-1704] No user IP repositories specified
INFO: [IP_Flow 19-2313] Loaded Vivado IP repository 'D:/Xilinx/Vivado/2018.2/data/ip'.
open_project: Time (s): cpu = 00:00:12 ; elapsed = 00:00:05 . Memory (MB): peak = 831.680 ; gain = 104.102
update_compile_order -fileset sources_1
exit
INFO: [Common 17-206] Exiting Vivado at Mon Apr 12 21:02:42 2021...
