#-----------------------------------------------------------
# Vivado v2018.2 (64-bit)
# SW Build 2258646 on Thu Jun 14 20:03:12 MDT 2018
# IP Build 2256618 on Thu Jun 14 22:10:49 MDT 2018
# Start of session at: Fri Apr 23 22:59:46 2021
# Process ID: 13008
# Current directory: E:/daerxia/shuzi/experiment/ex2/ALU_4bits_stu111/ALU_4bits
# Command line: vivado.exe -gui_launcher_event rodinguilauncherevent15880 E:\daerxia\shuzi\experiment\ex2\ALU_4bits_stu111\ALU_4bits\ALU_4bits.xpr
# Log file: E:/daerxia/shuzi/experiment/ex2/ALU_4bits_stu111/ALU_4bits/vivado.log
# Journal file: E:/daerxia/shuzi/experiment/ex2/ALU_4bits_stu111/ALU_4bits\vivado.jou
#-----------------------------------------------------------
start_gui
open_project E:/daerxia/shuzi/experiment/ex2/ALU_4bits_stu111/ALU_4bits/ALU_4bits.xpr
Scanning sources...
Finished scanning sources
INFO: [IP_Flow 19-234] Refreshing IP repositories
INFO: [IP_Flow 19-1704] No user IP repositories specified
INFO: [IP_Flow 19-2313] Loaded Vivado IP repository 'E:/Xilinx/Vivado/2018.2/data/ip'.
open_project: Time (s): cpu = 00:00:12 ; elapsed = 00:00:10 . Memory (MB): peak = 751.863 ; gain = 51.938
update_compile_order -fileset sources_1
exit
INFO: [Common 17-206] Exiting Vivado at Sat Apr 24 00:05:40 2021...
