#-----------------------------------------------------------
# Vivado v2018.2 (64-bit)
# SW Build 2258646 on Thu Jun 14 20:03:12 MDT 2018
# IP Build 2256618 on Thu Jun 14 22:10:49 MDT 2018
# Start of session at: Mon Apr 26 18:28:41 2021
# Process ID: 2148
# Current directory: E:/daerxia/shuzi/experiment/ex2/ALU_4bits_stu111/ALU_4bits
# Command line: vivado.exe -gui_launcher_event rodinguilauncherevent12764 E:\daerxia\shuzi\experiment\ex2\ALU_4bits_stu111\ALU_4bits\ALU_4bits.xpr
# Log file: E:/daerxia/shuzi/experiment/ex2/ALU_4bits_stu111/ALU_4bits/vivado.log
# Journal file: E:/daerxia/shuzi/experiment/ex2/ALU_4bits_stu111/ALU_4bits\vivado.jou
#-----------------------------------------------------------
start_gui
open_project E:/daerxia/shuzi/experiment/ex2/ALU_4bits_stu111/ALU_4bits/ALU_4bits.xpr
Scanning sources...
Finished scanning sources
INFO: [IP_Flow 19-234] Refreshing IP repositories
INFO: [IP_Flow 19-1704] No user IP repositories specified
INFO: [IP_Flow 19-2313] Loaded Vivado IP repository 'E:/Xilinx/Vivado/2018.2/data/ip'.
open_project: Time (s): cpu = 00:00:10 ; elapsed = 00:00:24 . Memory (MB): peak = 732.961 ; gain = 64.496
update_compile_order -fileset sources_1
launch_simulation
INFO: [Vivado 12-5682] Launching behavioral simulation in 'E:/daerxia/shuzi/experiment/ex2/ALU_4bits_stu111/ALU_4bits/ALU_4bits.sim/sim_1/behav/xsim'
INFO: [SIM-utils-51] Simulation object is 'sim_1'
INFO: [SIM-utils-54] Inspecting design source files for 'ALU_4bits_tb' in fileset 'sim_1'...
INFO: [USF-XSim-97] Finding global include files...
INFO: [USF-XSim-98] Fetching design files from 'sim_1'...
INFO: [USF-XSim-2] XSim::Compile design
INFO: [USF-XSim-61] Executing 'COMPILE and ANALYZE' step in 'E:/daerxia/shuzi/experiment/ex2/ALU_4bits_stu111/ALU_4bits/ALU_4bits.sim/sim_1/behav/xsim'
"xvlog --incr --relax -prj ALU_4bits_tb_vlog.prj"
INFO: [Common 17-41] Interrupt caught. Command should exit soon.
INFO: [Common 17-344] 'run_program' was cancelled
INFO: [Vivado 12-5357] 'compile' step aborted
launch_simulation: Time (s): cpu = 00:00:02 ; elapsed = 00:00:06 . Memory (MB): peak = 776.691 ; gain = 0.000
INFO: [Common 17-344] 'launch_simulation' was cancelled
launch_simulation
INFO: [Vivado 12-5682] Launching behavioral simulation in 'E:/daerxia/shuzi/experiment/ex2/ALU_4bits_stu111/ALU_4bits/ALU_4bits.sim/sim_1/behav/xsim'
INFO: [SIM-utils-51] Simulation object is 'sim_1'
INFO: [SIM-utils-54] Inspecting design source files for 'ALU_4bits_tb' in fileset 'sim_1'...
INFO: [USF-XSim-97] Finding global include files...
INFO: [USF-XSim-98] Fetching design files from 'sim_1'...
INFO: [USF-XSim-2] XSim::Compile design
INFO: [USF-XSim-61] Executing 'COMPILE and ANALYZE' step in 'E:/daerxia/shuzi/experiment/ex2/ALU_4bits_stu111/ALU_4bits/ALU_4bits.sim/sim_1/behav/xsim'
"xvlog --incr --relax -prj ALU_4bits_tb_vlog.prj"
INFO: [VRFC 10-2263] Analyzing SystemVerilog file "E:/daerxia/shuzi/experiment/ex2/ALU_4bits_stu111/ALU_4bits/ALU_4bits.srcs/sources_1/new/alu.sv" into library xil_defaultlib
INFO: [VRFC 10-311] analyzing module alu
INFO: [VRFC 10-2263] Analyzing SystemVerilog file "E:/daerxia/shuzi/experiment/ex2/ALU_4bits_stu111/ALU_4bits/ALU_4bits.srcs/sources_1/new/fulladder.sv" into library xil_defaultlib
INFO: [VRFC 10-311] analyzing module fulladder
INFO: [VRFC 10-2263] Analyzing SystemVerilog file "E:/daerxia/shuzi/experiment/ex2/ALU_4bits_stu111/ALU_4bits/ALU_4bits.srcs/sources_1/new/rca.sv" into library xil_defaultlib
INFO: [VRFC 10-311] analyzing module rca
INFO: [VRFC 10-2263] Analyzing SystemVerilog file "E:/daerxia/shuzi/experiment/ex2/ALU_4bits_stu111/ALU_4bits/ALU_4bits.srcs/sim_1/new/ALU_4bits_tb.sv" into library xil_defaultlib
INFO: [VRFC 10-311] analyzing module ALU_4bits_tb
INFO: [USF-XSim-69] 'compile' step finished in '1' seconds
INFO: [USF-XSim-3] XSim::Elaborate design
INFO: [USF-XSim-61] Executing 'ELABORATE' step in 'E:/daerxia/shuzi/experiment/ex2/ALU_4bits_stu111/ALU_4bits/ALU_4bits.sim/sim_1/behav/xsim'
Vivado Simulator 2018.2
Copyright 1986-1999, 2001-2018 Xilinx, Inc. All Rights Reserved.
Running: E:/Xilinx/Vivado/2018.2/bin/unwrapped/win64.o/xelab.exe -wto 6ca98ad3157d447a82566ec1897f10e1 --incr --debug typical --relax --mt 2 -L xil_defaultlib -L unisims_ver -L unimacro_ver -L secureip --snapshot ALU_4bits_tb_behav xil_defaultlib.ALU_4bits_tb xil_defaultlib.glbl -log elaborate.log 
Using 2 slave threads.
Starting static elaboration
Completed static elaboration
Starting simulation data flow analysis
Completed simulation data flow analysis
Time Resolution for simulation is 1ps
Compiling module xil_defaultlib.fulladder
Compiling module xil_defaultlib.rca
Compiling module xil_defaultlib.alu
Compiling module xil_defaultlib.ALU_4bits_tb
Compiling module xil_defaultlib.glbl
Built simulation snapshot ALU_4bits_tb_behav

****** Webtalk v2018.2 (64-bit)
  **** SW Build 2258646 on Thu Jun 14 20:03:12 MDT 2018
  **** IP Build 2256618 on Thu Jun 14 22:10:49 MDT 2018
    ** Copyright 1986-2018 Xilinx, Inc. All Rights Reserved.

source E:/daerxia/shuzi/experiment/ex2/ALU_4bits_stu111/ALU_4bits/ALU_4bits.sim/sim_1/behav/xsim/xsim.dir/ALU_4bits_tb_behav/webtalk/xsim_webtalk.tcl -notrace
INFO: [Common 17-206] Exiting Webtalk at Mon Apr 26 18:33:24 2021...
run_program: Time (s): cpu = 00:00:01 ; elapsed = 00:00:09 . Memory (MB): peak = 776.691 ; gain = 0.000
INFO: [USF-XSim-69] 'elaborate' step finished in '9' seconds
INFO: [USF-XSim-4] XSim::Simulate design
INFO: [USF-XSim-61] Executing 'SIMULATE' step in 'E:/daerxia/shuzi/experiment/ex2/ALU_4bits_stu111/ALU_4bits/ALU_4bits.sim/sim_1/behav/xsim'
INFO: [USF-XSim-98] *** Running xsim
   with args "ALU_4bits_tb_behav -key {Behavioral:sim_1:Functional:ALU_4bits_tb} -tclbatch {ALU_4bits_tb.tcl} -log {simulate.log}"
INFO: [USF-XSim-8] Loading simulator feature
Vivado Simulator 2018.2
Time resolution is 1 ps
source ALU_4bits_tb.tcl
# set curr_wave [current_wave_config]
# if { [string length $curr_wave] == 0 } {
#   if { [llength [get_objects]] > 0} {
#     add_wave /
#     set_property needs_save false [current_wave_config]
#   } else {
#      send_msg_id Add_Wave-1 WARNING "No top level signals found. Simulator will start without a wave window. If you want to open a wave window go to 'File->New Waveform Configuration' or type 'create_wave_config' in the TCL console."
#   }
# }
# run 1000ns
INFO: [USF-XSim-96] XSim completed. Design snapshot 'ALU_4bits_tb_behav' loaded.
INFO: [USF-XSim-97] XSim simulation ran for 1000ns
launch_simulation: Time (s): cpu = 00:00:04 ; elapsed = 00:00:13 . Memory (MB): peak = 790.066 ; gain = 13.375
close_sim
INFO: [Simtcl 6-16] Simulation closed
exit
INFO: [Common 17-206] Exiting Vivado at Mon Apr 26 18:36:15 2021...
